
> @fuel-domains/sdk@0.1.4 build /Users/luisburigo/Documents/dev/infinity/fuel-domains/fuel-domains-app/packages/sdk
> pnpm build:package


> @fuel-domains/sdk@0.1.4 build:package /Users/luisburigo/Documents/dev/infinity/fuel-domains/fuel-domains-app/packages/sdk
> tsup

CLI Building entry: ./src/index.ts
CLI Using tsconfig: tsconfig.json
CLI tsup v8.0.1
CLI Using tsup config: /Users/luisburigo/Documents/dev/infinity/fuel-domains/fuel-domains-app/packages/sdk/tsup.config.ts
CLI Target: es2020
CJS Build start
ESM Build start
CJS dist/index.js     8.85 KB
CJS dist/index.js.map 33.84 KB
CJS ⚡️ Build success in 98ms
ESM dist/index.mjs     8.85 KB
ESM dist/index.mjs.map 33.84 KB
ESM ⚡️ Build success in 99ms
DTS Build start
"Bytes" is imported from external module "fuels" but never used in "src/types/contracts/RegistryContractAbi.d.ts" and "src/index.ts".
DTS ⚡️ Build success in 938ms
DTS dist/index.d.ts  883.00 B
DTS dist/index.d.mts 883.00 B
